#
# A fatal error has been detected by the Java Runtime Environment:
#
#  SIGSEGV (0xb) at pc=0x00007f31bfea3f3d, pid=41022, tid=41094
#
# JRE version: OpenJDK Runtime Environment (17.0.8.1+1) (build 17.0.8.1+1-Ubuntu-0ubuntu122.04)
# Java VM: OpenJDK 64-Bit Server VM (17.0.8.1+1-Ubuntu-0ubuntu122.04, mixed mode, emulated-client, sharing, tiered, compressed oops, compressed class ptrs, g1 gc, linux-amd64)
# Problematic frame:
# C  [libc.so.6+0xa3f3d]
[timeout occurred during error reporting in step "printing problematic frame"] after 30 s.
# Core dump will be written. Default location: Core dumps may be processed with "/usr/share/apport/apport -p%p -s%s -c%c -d%d -P%P -u%u -g%g -- %E" (or dumping to /home/lakshmanradhakrishnan/Desktop/P2-2023-Project/Project/P2-2023-Project/ImageEffectBackend/core.41022)
#
# If you would like to submit a bug report, please visit:
#   Unknown
#

---------------  S U M M A R Y ------------

Command Line: -XX:TieredStopAtLevel=1 -Dspring.output.ansi.enabled=always -Dcom.sun.management.jmxremote -Dspring.jmx.enabled=true -Dspring.liveBeansView.mbeanDomain -Dspring.application.admin.enabled=true -Dmanagement.endpoints.jmx.exposure.include=* -javaagent:/home/lakshmanradhakrishnan/Desktop/idea-IU-232.10227.8/lib/idea_rt.jar=44401:/home/lakshmanradhakrishnan/Desktop/idea-IU-232.10227.8/bin -Dfile.encoding=UTF-8 com.iiitb.imageEffectApplication.ImageEffectApplication

Host: 
[timeout occurred during error reporting in step "printing summary machine and OS info"] after 30 s.

------ Timeout during error reporting after 120 s. ------
